<?xml version="1.0" encoding="UTF-8"?>
<!-- Generated by org.testng.reporters.JUnitXMLReporter -->
<testsuite ignored="0" hostname="DESKTOP-5VU6LIR" failures="0" tests="2" name="Check all the fields present" time="6.675" errors="0" timestamp="2021-03-07T16:12:16 EST">
  <testcase classname="TakeHomeAssignment.CreditCardForm.validateallfields" name="validateallfieldsdisplayed" time="0.386"/>
  <testcase classname="TakeHomeAssignment.CreditCardForm.validateallfields" name="validateallfieldsenabled" time="0.146"/>
</testsuite> <!-- Check all the fields present -->
