<?xml version="1.0" encoding="UTF-8"?>
<!-- Generated by org.testng.reporters.JUnitXMLReporter -->
<testsuite ignored="0" hostname="DESKTOP-5VU6LIR" failures="0" tests="5" name="Test" time="17.81" errors="0" timestamp="2021-03-07T16:07:47 EST">
  <testcase classname="TakeHomeAssignment.CreditCardForm.validateallfields" name="validateallfieldsdisplayed" time="0.444"/>
  <testcase classname="TakeHomeAssignment.CreditCardForm.validateallfields" name="validateallfieldsenabled" time="0.162"/>
  <testcase classname="TakeHomeAssignment.CreditCardForm.HomePage" name="navigatetoform" time="0.008"/>
  <testcase classname="TakeHomeAssignment.CreditCardForm.Multipledatasetstest" name="multipletestsets" time="0.655"/>
  <testcase classname="TakeHomeAssignment.CreditCardForm.Multipledatasetstest" name="multipletestsets" time="0.257"/>
</testsuite> <!-- Test -->
