<?xml version="1.0" encoding="UTF-8"?>
<!-- Generated by org.testng.reporters.JUnitXMLReporter -->
<testsuite ignored="0" hostname="DESKTOP-5VU6LIR" failures="0" tests="2" name="Validate all the fields present on form" time="27.309" errors="0" timestamp="2021-03-07T17:15:34 EST">
  <testcase classname="TakeHomeAssignment.CreditCardForm.validateallfields" name="validateallfieldsdisplayed" time="1.965"/>
  <testcase classname="TakeHomeAssignment.CreditCardForm.validateallfields" name="validateallfieldsenabled" time="0.342"/>
</testsuite> <!-- Validate all the fields present on form -->
