<?xml version="1.0" encoding="UTF-8"?>
<!-- Generated by org.testng.reporters.JUnitXMLReporter -->
<testsuite hostname="DESKTOP-5VU6LIR" ignored="0" name="Validate all the fields present on form" tests="2" failures="0" timestamp="2021-03-07T17:25:39 EST" time="9.354" errors="0">
  <testcase name="validateallfieldsdisplayed" time="0.504" classname="TakeHomeAssignment.CreditCardForm.validateallfields"/>
  <testcase name="validateallfieldsenabled" time="0.205" classname="TakeHomeAssignment.CreditCardForm.validateallfields"/>
</testsuite> <!-- Validate all the fields present on form -->
