<?xml version="1.0" encoding="UTF-8"?>
<testsuite xmlns:xsi="http://www.w3.org/2001/XMLSchema-instance" xsi:noNamespaceSchemaLocation="https://maven.apache.org/surefire/maven-surefire-plugin/xsd/surefire-test-report-3.0.xsd" version="3.0" name="TestSuite" time="8.15" tests="6" errors="0" skipped="0" failures="0">
  <properties>
[...]
</properties>
  <testcase name="navigatetoform" classname="TakeHomeAssignment.CreditCardForm.HomePage" time="0.009">
    <system-err><![CDATA[1615159438961	geckodriver	INFO	Listening on 127.0.0.1:34558
1615159438979	geckodriver	INFO	Listening on 127.0.0.1:16010
1615159438987	geckodriver	INFO	Listening on 127.0.0.1:41361
1615159438998	geckodriver	INFO	Listening on 127.0.0.1:48580
1615159439641	mozrunner::runner	INFO	Running command: "C:\\Program Files\\Mozilla Firefox\\firefox.exe" "--marionette" "-foreground" "-no-remote" "-profile" "C:\\User1s\\m6aje1t\5\Ap1pD5at9a\\4Lo3cal\9\Te6mp4\2\	rumsot_zmrozupnrnofeirl:e4:ErvunnznPe"r
	INFO	Running comm1a1n66d1:15 51"15C599:44\3\39P9646r34o	gm3ro	zamrmou znnFreiurnl:en:ersru\:n\n:Meroruz	niINnlFelO	raR	 uIFnNniFirnOeg	 fRcouoxnm\mann\di:fng i "rcoCem:fm\aon\xdP:. re"oCxg:re\"a\ mP "roF-gi-rlmamea Fsrilie\so\\\nMMoozezilitllat leFi"ar  ef"Fo-ix\rf\eofifrroexf\eo\xg.feixrreeo"fu no"-xd-."m ear"xieo-n"ne to"t-e-"-r me"ma-foorrteegir"oo u"nn-edp"tr to"ef-"in lo"e--"fr oe"rmCeog:tre\o"\u Un"sd-"e pr"rs-\o\filne"o m-"raCe:jm\e\toU\tsee\"rA sp"\p-\pDmraaotjfaie\lt\e\L"\o Ac"paCp:lD\\a\\tUTase\em\rpLs\\o\\crmaualsj\ett\_\Tm\eoAmzppppD\rao\trfaui\sl\teL_kom9conazl7p\CrAo\"Tf
eimlpe\0\grDudsPtH_m"o
zprofileZSh141"
JavaScript error: resource://gre/modules/XULStore.jsm, line 66: Error: Can't find profile directory.
JavaScript error: resource://gre/modules/XULStore.jsm, line 66: Error: Can't find profile directory.
JavaScript error: resource://gre/modules/XULStore.jsm, line 66: Error: Can't find profile directory.
JavaScript error: resource://gre/modules/XULStore.jsm, line 66: Error: Can't find profile directory.
console.warn: SearchSettings: "get: No settings file exists, new profile?" (new Error("", "(unknown module)"))
console.warn: SearchSettings: "get: No settings file exists, new profile?" (new Error("", "(unknown module)"))
console.warn: SearchSettings: "get: No settings file exists, new profile?" (new Error("", "(unknown module)"))
console.warn: SearchSettings: "get: No settings file exists, new profile?" (new Error("", "(unknown module)"))
1615159442934	Marionette	INFO	Listening on port 64988
console.warn: SearchSettings: "get: No settings file exists, new profile?" (new Error("", "(unknown module)"))
1615159443000	Marionette	INFO	Listening on port 64986
console.warn: SearchSettings: "get: No settings file exists, new profile?" (new Error("", "(unknown module)"))
console.warn: SearchSettings: "get: No settings file exists, new profile?" (new Error("", "(unknown module)"))
1615159443303	Marionette	INFO	Listening on port 64989
console.warn: SearchSettings: "get: No settings file exists, new profile?" (new Error("", "(unknown module)"))
1615159443347	Marionette	WARN	TLS certificate errors will be ignored for this session
1615159443348	Marionette	WARN	TLS certificate errors will be ignored for this session
1615159443351	Marionette	WARN	TLS certificate errors will be ignored for this session
1615159443369	Marionette	ERROR	[18] No reply from Marionette:Register
1615159443375	Marionette	ERROR	[18] No reply from Marionette:Register
1615159443377	Marionette	ERROR	[18] No reply from Marionette:Register
Mar 07, 2021 6:24:03 PM org.openqa.selenium.remote.ProtocolHandshake createSession
INFO: Detected dialect: W3C
Mar 07, 2021 6:24:03 PM org.openqa.selenium.remote.ProtocolHandshake createSession
INFO: Detected dialect: W3C
Mar 07, 2021 6:24:03 PM org.openqa.selenium.remote.ProtocolHandshake createSession
INFO: Detected dialect: W3C
1615159443409	Marionette	INFO	Listening on port 64987

###!!! [Child][RunMessage] Error: Channel closing: too late to send/recv, messages will be lost

1615159443777	Marionette	ERROR	[18] No reply from Marionette:Register
1615159443803	Marionette	ERROR	[18] No reply from Marionette:Register
1615159443824	Marionette	ERROR	[18] No reply from Marionette:Register
1615159443891	Marionette	WARN	TLS certificate errors will be ignored for this session
Mar 07, 2021 6:24:03 PM org.openqa.selenium.remote.ProtocolHandshake createSession
INFO: Detected dialect: W3C
]]></system-err>
  </testcase>
  <testcase name="validateallfieldsdisplayed" classname="TakeHomeAssignment.CreditCardForm.E2EValidation" time="0.523">
    <system-err><![CDATA[1615159443933	Marionette	INFO	Stopped listening on port 64988
1615159443933	Marionette	ERROR	[18] No reply from Marionette:Register
JavaScript error: resource://activity-stream/lib/ASRouter.jsm, line 987: NS_ERROR_ILLEGAL_VALUE: Component returned failure code: 0x80070057 (NS_ERROR_ILLEGAL_VALUE) [nsIObserverService.removeObserver]
]]></system-err>
  </testcase>
  <testcase name="validateallfieldsdisplayed" classname="TakeHomeAssignment.CreditCardForm.validateallfields" time="0.535"/>
  <testcase name="validateallfieldsenabled" classname="TakeHomeAssignment.CreditCardForm.validateallfields" time="0.172">
    <system-err><![CDATA[1615159444491	Marionette	ERROR	[18] No reply from Marionette:Register
1615159444505	Marionette	INFO	Stopped listening on port 64986
]]></system-err>
  </testcase>
  <testcase name="multipletestsets[Userone, 1111222233334444, visa, 100, 11, 2022, 500007](1)" classname="TakeHomeAssignment.CreditCardForm.Multipledatasetstest" time="0.482">
    <system-err><![CDATA[1615159444669	Marionette	INFO	Stopped listening on port 64989

###!!! [Child][RunMessage] Error: Channel closing: too late to send/recv, messages will be lost

]]></system-err>
  </testcase>
  <testcase name="multipletestsets[Usertwo, 2222222233334444, master card, 111, 1, 2025, 500010](2)" classname="TakeHomeAssignment.CreditCardForm.Multipledatasetstest" time="0.334">
    <system-err><![CDATA[
###!!! [Child][RunMessage] Error: Channel closing: too late to send/recv, messages will be lost


###!!! [Child][RunMessage] Error: Channel closing: too late to send/recv, messages will be lost

]]></system-err>
  </testcase>
</testsuite>