<?xml version="1.0" encoding="UTF-8"?>
<testng-results skipped="0" failed="0" ignored="0" total="6" passed="6">
  <reporter-output>
  </reporter-output>
  <suite name="Suite" duration-ms="7407" started-at="2021-03-07T18:23:58 EST" finished-at="2021-03-07T18:24:05 EST">
    <groups>
    </groups>
    <test name="Successful navigate to form" duration-ms="6969" started-at="2021-03-07T18:23:58 EST" finished-at="2021-03-07T18:24:05 EST">
      <class name="TakeHomeAssignment.CreditCardForm.HomePage">
        <test-method status="PASS" signature="openbrowser()[pri:0, instance:TakeHomeAssignment.CreditCardForm.HomePage@7bedc48a]" name="openbrowser" is-config="true" duration-ms="5357" started-at="2021-03-07T18:23:58 EST" finished-at="2021-03-07T18:24:03 EST">
          <reporter-output>
          </reporter-output>
        </test-method> <!-- openbrowser -->
        <test-method status="PASS" signature="navigatetoform()[pri:0, instance:TakeHomeAssignment.CreditCardForm.HomePage@7bedc48a]" name="navigatetoform" duration-ms="10" started-at="2021-03-07T18:24:03 EST" finished-at="2021-03-07T18:24:03 EST">
          <reporter-output>
          </reporter-output>
        </test-method> <!-- navigatetoform -->
        <test-method status="PASS" signature="closebrowser()[pri:0, instance:TakeHomeAssignment.CreditCardForm.HomePage@7bedc48a]" name="closebrowser" is-config="true" duration-ms="1577" started-at="2021-03-07T18:24:03 EST" finished-at="2021-03-07T18:24:05 EST">
          <reporter-output>
          </reporter-output>
        </test-method> <!-- closebrowser -->
      </class> <!-- TakeHomeAssignment.CreditCardForm.HomePage -->
    </test> <!-- Successful navigate to form -->
    <test name="E2E testscript for form" duration-ms="7020" started-at="2021-03-07T18:23:58 EST" finished-at="2021-03-07T18:24:05 EST">
      <class name="TakeHomeAssignment.CreditCardForm.E2EValidation">
        <test-method status="PASS" signature="openbrowser()[pri:0, instance:TakeHomeAssignment.CreditCardForm.E2EValidation@bcec361]" name="openbrowser" is-config="true" duration-ms="5346" started-at="2021-03-07T18:23:58 EST" finished-at="2021-03-07T18:24:03 EST">
          <reporter-output>
          </reporter-output>
        </test-method> <!-- openbrowser -->
        <test-method status="PASS" signature="validateallfieldsdisplayed()[pri:0, instance:TakeHomeAssignment.CreditCardForm.E2EValidation@bcec361]" name="validateallfieldsdisplayed" duration-ms="572" started-at="2021-03-07T18:24:03 EST" finished-at="2021-03-07T18:24:04 EST">
          <reporter-output>
          </reporter-output>
        </test-method> <!-- validateallfieldsdisplayed -->
        <test-method status="PASS" signature="closebrowser()[pri:0, instance:TakeHomeAssignment.CreditCardForm.E2EValidation@bcec361]" name="closebrowser" is-config="true" duration-ms="1071" started-at="2021-03-07T18:24:04 EST" finished-at="2021-03-07T18:24:05 EST">
          <reporter-output>
          </reporter-output>
        </test-method> <!-- closebrowser -->
      </class> <!-- TakeHomeAssignment.CreditCardForm.E2EValidation -->
    </test> <!-- E2E testscript for form -->
    <test name="Validate all the fields present on form" duration-ms="7161" started-at="2021-03-07T18:23:58 EST" finished-at="2021-03-07T18:24:05 EST">
      <class name="TakeHomeAssignment.CreditCardForm.validateallfields">
        <test-method status="PASS" signature="openbrowser()[pri:0, instance:TakeHomeAssignment.CreditCardForm.validateallfields@7770f470]" name="openbrowser" is-config="true" duration-ms="5424" started-at="2021-03-07T18:23:58 EST" finished-at="2021-03-07T18:24:03 EST">
          <reporter-output>
          </reporter-output>
        </test-method> <!-- openbrowser -->
        <test-method status="PASS" signature="validateallfieldsdisplayed()[pri:0, instance:TakeHomeAssignment.CreditCardForm.validateallfields@7770f470]" name="validateallfieldsdisplayed" duration-ms="535" started-at="2021-03-07T18:24:03 EST" finished-at="2021-03-07T18:24:04 EST">
          <reporter-output>
          </reporter-output>
        </test-method> <!-- validateallfieldsdisplayed -->
        <test-method status="PASS" signature="validateallfieldsenabled()[pri:0, instance:TakeHomeAssignment.CreditCardForm.validateallfields@7770f470]" name="validateallfieldsenabled" duration-ms="170" started-at="2021-03-07T18:24:04 EST" finished-at="2021-03-07T18:24:04 EST">
          <reporter-output>
          </reporter-output>
        </test-method> <!-- validateallfieldsenabled -->
        <test-method status="PASS" signature="closebrowser()[pri:0, instance:TakeHomeAssignment.CreditCardForm.validateallfields@7770f470]" name="closebrowser" is-config="true" duration-ms="1030" started-at="2021-03-07T18:24:04 EST" finished-at="2021-03-07T18:24:05 EST">
          <reporter-output>
          </reporter-output>
        </test-method> <!-- closebrowser -->
      </class> <!-- TakeHomeAssignment.CreditCardForm.validateallfields -->
    </test> <!-- Validate all the fields present on form -->
    <test name="Multipledatasets test with dataprovide" duration-ms="7407" started-at="2021-03-07T18:23:58 EST" finished-at="2021-03-07T18:24:05 EST">
      <class name="TakeHomeAssignment.CreditCardForm.Multipledatasetstest">
        <test-method status="PASS" signature="openbrowser()[pri:0, instance:TakeHomeAssignment.CreditCardForm.Multipledatasetstest@3d34d211]" name="openbrowser" is-config="true" duration-ms="5408" started-at="2021-03-07T18:23:58 EST" finished-at="2021-03-07T18:24:03 EST">
          <reporter-output>
          </reporter-output>
        </test-method> <!-- openbrowser -->
        <test-method status="PASS" signature="multipletestsets(java.lang.String, java.lang.String, java.lang.String, int, int, int, int)[pri:0, instance:TakeHomeAssignment.CreditCardForm.Multipledatasetstest@3d34d211]" name="multipletestsets" duration-ms="1029" started-at="2021-03-07T18:24:03 EST" data-provider="getData" finished-at="2021-03-07T18:24:04 EST">
          <params>
            <param index="0">
              <value>
                <![CDATA[Userone]]>
              </value>
            </param>
            <param index="1">
              <value>
                <![CDATA[1111222233334444]]>
              </value>
            </param>
            <param index="2">
              <value>
                <![CDATA[visa]]>
              </value>
            </param>
            <param index="3">
              <value>
                <![CDATA[100]]>
              </value>
            </param>
            <param index="4">
              <value>
                <![CDATA[11]]>
              </value>
            </param>
            <param index="5">
              <value>
                <![CDATA[2022]]>
              </value>
            </param>
            <param index="6">
              <value>
                <![CDATA[500007]]>
              </value>
            </param>
          </params>
          <reporter-output>
          </reporter-output>
        </test-method> <!-- multipletestsets -->
        <test-method status="PASS" signature="multipletestsets(java.lang.String, java.lang.String, java.lang.String, int, int, int, int)[pri:0, instance:TakeHomeAssignment.CreditCardForm.Multipledatasetstest@3d34d211]" name="multipletestsets" duration-ms="334" started-at="2021-03-07T18:24:04 EST" data-provider="getData" finished-at="2021-03-07T18:24:05 EST">
          <params>
            <param index="0">
              <value>
                <![CDATA[Usertwo]]>
              </value>
            </param>
            <param index="1">
              <value>
                <![CDATA[2222222233334444]]>
              </value>
            </param>
            <param index="2">
              <value>
                <![CDATA[master card]]>
              </value>
            </param>
            <param index="3">
              <value>
                <![CDATA[111]]>
              </value>
            </param>
            <param index="4">
              <value>
                <![CDATA[1]]>
              </value>
            </param>
            <param index="5">
              <value>
                <![CDATA[2025]]>
              </value>
            </param>
            <param index="6">
              <value>
                <![CDATA[500010]]>
              </value>
            </param>
          </params>
          <reporter-output>
          </reporter-output>
        </test-method> <!-- multipletestsets -->
        <test-method status="PASS" signature="closebrowser()[pri:0, instance:TakeHomeAssignment.CreditCardForm.Multipledatasetstest@3d34d211]" name="closebrowser" is-config="true" duration-ms="630" started-at="2021-03-07T18:24:05 EST" finished-at="2021-03-07T18:24:05 EST">
          <reporter-output>
          </reporter-output>
        </test-method> <!-- closebrowser -->
      </class> <!-- TakeHomeAssignment.CreditCardForm.Multipledatasetstest -->
    </test> <!-- Multipledatasets test with dataprovide -->
  </suite> <!-- Suite -->
</testng-results>
