<?xml version="1.0" encoding="UTF-8"?>
<testsuite xmlns:xsi="http://www.w3.org/2001/XMLSchema-instance" xsi:noNamespaceSchemaLocation="https://maven.apache.org/surefire/maven-surefire-plugin/xsd/surefire-test-report-3.0.xsd" version="3.0" name="TestSuite" time="10.306" tests="6" errors="0" skipped="0" failures="0">
  <properties>
[...]
</properties>
  <testcase name="navigatetoform" classname="TakeHomeAssignment.CreditCardForm.HomePage" time="0.028">
    <system-err><![CDATA[1615155930644	geckodriver	INFO	Listening on 127.0.0.1:47344
1615155930659	geckodriver	INFO	Listening on 127.0.0.1:28342
1615155930675	geckodriver	INFO	Listening on 127.0.0.1:46595
1615155930683	geckodriver	INFO	Listening on 127.0.0.1:25840
1615155931380	mozrunner::runner	INFO	Running command: "C:\\Program Files\\Mozilla Firefox\\firefox.exe" "--marionette" "-foreground" "-no-remote" "-profile" "C:\\User1s\6\1m5a1j5e5t93\1\3A83p	pmDoaztraun\n\eLro::craunln\e\r	TIeNmFpO	\R\urnunsitn_gm coozmpmarnod:f il"Ce:a7\ZA\S3"P
rogram Files\\Mozilla Firefox\\firefox.exe" "--marionette" "-foreground" "-no-remote" "-profile" "C:\\Users\\majet\\AppData\\Local\\Temp\\rust_mozprofileMncTnP"
1615155931386	mozrunner::runner	INFO	Running command: "C:\\Program Files\\Mozilla Firefox\\firefox.exe" "--marionette" "-foreground" "-no-1r6e1m5o1t5e5"9 3"138-7p	rmoofzirlue"n n"eCr::\:\rUusnenresr\	\mIaNjFeOt	\R\uAnpnpiDnagt ac\o\mLmoacnadl:\ \"TCe:m\p\\P\rrougsrta_mm oFziplreosf\i\lMeoRzqi0lelFaF "F
irefox\\firefox.exe" "--marionette" "-foreground" "-no-remote" "-profile" "C:\\Users\\majet\\AppData\\Local\\Temp\\rust_mozprofileQUQ7qI"
JavaScript error: resource://gre/modules/XULStore.jsm, line 66: Error: Can't find profile directory.
JavaScript error: resource://gre/modules/XULStore.jsm, line 66: Error: Can't find profile directory.
JavaScript error: resource://gre/modules/XULStore.jsm, line 66: Error: Can't find profile directory.
JavaScript error: resource://gre/modules/XULStore.jsm, line 66: Error: Can't find profile directory.
console.warn: SearchSettings: "get: No settings file exists, new profile?" (new Error("", "(unknown module)"))
console.warn: SearchSettings: "get: No settings file exists, new profile?" (new Error("", "(unknown module)"))
console.warn: SearchSettings: "get: No settings file exists, new profile?" (new Error("", "(unknown module)"))
console.warn: SearchSettings: "get: No settings file exists, new profile?" (new Error("", "(unknown module)"))
console.warn: SearchSettings: "get: No settings file exists, new profile?" (new Error("", "(unknown module)"))
1615155935762	Marionette	INFO	Listening on port 62494
console.warn: SearchSettings: "get: No settings file exists, new profile?" (new Error("", "(unknown module)"))
console.warn: SearchSettings: "get: No settings file exists, new profile?" (new Error("", "(unknown module)"))
1615155936246	Marionette	INFO	Listening on port 62495
1615155936247	Marionette	WARN	TLS certificate errors will be ignored for this session
1615155936262	Marionette	INFO	Listening on port 62493
1615155936276	Marionette	ERROR	[18] No reply from Marionette:Register
1615155936290	Marionette	INFO	Listening on port 62492
Mar 07, 2021 5:25:36 PM org.openqa.selenium.remote.ProtocolHandshake createSession
INFO: Detected dialect: W3C
1615155936327	Marionette	WARN	TLS certificate errors will be ignored for this session
1615155936352	Marionette	ERROR	[18] No reply from Marionette:Register
Mar 07, 2021 5:25:36 PM org.openqa.selenium.remote.ProtocolHandshake createSession
INFO: Detected dialect: W3C
console.warn: SearchSettings: "get: No settings file exists, new profile?" (new Error("", "(unknown module)"))

###!!! [Child][RunMessage] Error: Channel closing: too late to send/recv, messages will be lost

1615155936778	Marionette	ERROR	[18] No reply from Marionette:Register
1615155936840	Marionette	ERROR	[18] No reply from Marionette:Register
1615155936845	Marionette	WARN	TLS certificate errors will be ignored for this session
1615155936873	Marionette	ERROR	[18] No reply from Marionette:Register
Mar 07, 2021 5:25:36 PM org.openqa.selenium.remote.ProtocolHandshake createSession
INFO: Detected dialect: W3C
1615155936925	Marionette	WARN	TLS certificate errors will be ignored for this session
]]></system-err>
  </testcase>
  <testcase name="multipletestsets[Userone, 1111222233334444, visa, 100, 11, 2022, 500007](1)" classname="TakeHomeAssignment.CreditCardForm.Multipledatasetstest" time="0.539">
    <system-err><![CDATA[1615155936958	Marionette	ERROR	[18] No reply from Marionette:Register
Mar 07, 2021 5:25:36 PM org.openqa.selenium.remote.ProtocolHandshake createSession
INFO: Detected dialect: W3C
1615155936967	Marionette	INFO	Stopped listening on port 62494
]]></system-err>
  </testcase>
  <testcase name="multipletestsets[Usertwo, 2222222233334444, master card, 111, 1, 2025, 500010](2)" classname="TakeHomeAssignment.CreditCardForm.Multipledatasetstest" time="0.203">
    <system-err><![CDATA[1615155937646	Marionette	ERROR	[18] No reply from Marionette:Register
1615155937672	Marionette	ERROR	[18] No reply from Marionette:Register

###!!! [Child][RunMessage] Error: Channel closing: too late to send/recv, messages will be lost


###!!! [Child][RunMessage] Error: Channel closing: too late to send/recv, messages will be lost


###!!! [Child][RunMessage] Error: Channel closing: too late to send/recv, messages will be lost


###!!! [Child][RunMessage] Error: Channel closing: too late to send/recv, messages will be lost


###!!! [Child][RunMessage] Error: Channel closing: too late to send/recv, messages will be lost

]]></system-err>
  </testcase>
  <testcase name="validateallfieldsdisplayed" classname="TakeHomeAssignment.CreditCardForm.validateallfields" time="0.494">
    <system-err><![CDATA[1615155938063	Marionette	INFO	Stopped listening on port 62495
]]></system-err>
  </testcase>
  <testcase name="validateallfieldsenabled" classname="TakeHomeAssignment.CreditCardForm.validateallfields" time="0.207">
    <system-err><![CDATA[1615155938369	Marionette	INFO	Stopped listening on port 62492

###!!! [Child][RunMessage] Error: Channel closing: too late to send/recv, messages will be lost

]]></system-err>
  </testcase>
  <testcase name="validateallfieldsdisplayed" classname="TakeHomeAssignment.CreditCardForm.E2EValidation" time="0.026"/>
</testsuite>