<?xml version="1.0" encoding="UTF-8"?>
<testng-results ignored="0" total="6" passed="6" failed="0" skipped="0">
  <reporter-output>
  </reporter-output>
  <suite started-at="2021-03-07T17:15:07 EST" name="Suite" finished-at="2021-03-07T17:15:34 EST" duration-ms="27310">
    <groups>
    </groups>
    <test started-at="2021-03-07T17:15:07 EST" name="E2E testscript for form" finished-at="2021-03-07T17:15:33 EST" duration-ms="26628">
      <class name="TakeHomeAssignment.CreditCardForm.E2EValidation">
        <test-method is-config="true" signature="openbrowser()[pri:0, instance:TakeHomeAssignment.CreditCardForm.E2EValidation@10c626be]" started-at="2021-03-07T17:15:07 EST" name="openbrowser" finished-at="2021-03-07T17:15:27 EST" duration-ms="20009" status="PASS">
          <reporter-output>
          </reporter-output>
        </test-method> <!-- openbrowser -->
        <test-method signature="validateallfieldsdisplayed()[pri:0, instance:TakeHomeAssignment.CreditCardForm.E2EValidation@10c626be]" started-at="2021-03-07T17:15:27 EST" name="validateallfieldsdisplayed" finished-at="2021-03-07T17:15:28 EST" duration-ms="1551" status="PASS">
          <reporter-output>
          </reporter-output>
        </test-method> <!-- validateallfieldsdisplayed -->
        <test-method is-config="true" signature="closebrowser()[pri:0, instance:TakeHomeAssignment.CreditCardForm.E2EValidation@10c626be]" started-at="2021-03-07T17:15:28 EST" name="closebrowser" finished-at="2021-03-07T17:15:33 EST" duration-ms="5037" status="PASS">
          <reporter-output>
          </reporter-output>
        </test-method> <!-- closebrowser -->
      </class> <!-- TakeHomeAssignment.CreditCardForm.E2EValidation -->
    </test> <!-- E2E testscript for form -->
    <test started-at="2021-03-07T17:15:07 EST" name="Multipledatasets test with dataprovide" finished-at="2021-03-07T17:15:34 EST" duration-ms="26887">
      <class name="TakeHomeAssignment.CreditCardForm.Multipledatasetstest">
        <test-method is-config="true" signature="openbrowser()[pri:0, instance:TakeHomeAssignment.CreditCardForm.Multipledatasetstest@5b43fbf6]" started-at="2021-03-07T17:15:07 EST" name="openbrowser" finished-at="2021-03-07T17:15:25 EST" duration-ms="18157" status="PASS">
          <reporter-output>
          </reporter-output>
        </test-method> <!-- openbrowser -->
        <test-method signature="multipletestsets(java.lang.String, java.lang.String, java.lang.String, int, int, int, int)[pri:0, instance:TakeHomeAssignment.CreditCardForm.Multipledatasetstest@5b43fbf6]" started-at="2021-03-07T17:15:25 EST" name="multipletestsets" data-provider="getData" finished-at="2021-03-07T17:15:29 EST" duration-ms="4414" status="PASS">
          <params>
            <param index="0">
              <value>
                <![CDATA[Userone]]>
              </value>
            </param>
            <param index="1">
              <value>
                <![CDATA[1111222233334444]]>
              </value>
            </param>
            <param index="2">
              <value>
                <![CDATA[visa]]>
              </value>
            </param>
            <param index="3">
              <value>
                <![CDATA[100]]>
              </value>
            </param>
            <param index="4">
              <value>
                <![CDATA[11]]>
              </value>
            </param>
            <param index="5">
              <value>
                <![CDATA[2022]]>
              </value>
            </param>
            <param index="6">
              <value>
                <![CDATA[500007]]>
              </value>
            </param>
          </params>
          <reporter-output>
          </reporter-output>
        </test-method> <!-- multipletestsets -->
        <test-method signature="multipletestsets(java.lang.String, java.lang.String, java.lang.String, int, int, int, int)[pri:0, instance:TakeHomeAssignment.CreditCardForm.Multipledatasetstest@5b43fbf6]" started-at="2021-03-07T17:15:29 EST" name="multipletestsets" data-provider="getData" finished-at="2021-03-07T17:15:31 EST" duration-ms="1417" status="PASS">
          <params>
            <param index="0">
              <value>
                <![CDATA[Usertwo]]>
              </value>
            </param>
            <param index="1">
              <value>
                <![CDATA[2222222233334444]]>
              </value>
            </param>
            <param index="2">
              <value>
                <![CDATA[master card]]>
              </value>
            </param>
            <param index="3">
              <value>
                <![CDATA[111]]>
              </value>
            </param>
            <param index="4">
              <value>
                <![CDATA[1]]>
              </value>
            </param>
            <param index="5">
              <value>
                <![CDATA[2025]]>
              </value>
            </param>
            <param index="6">
              <value>
                <![CDATA[500010]]>
              </value>
            </param>
          </params>
          <reporter-output>
          </reporter-output>
        </test-method> <!-- multipletestsets -->
        <test-method is-config="true" signature="closebrowser()[pri:0, instance:TakeHomeAssignment.CreditCardForm.Multipledatasetstest@5b43fbf6]" started-at="2021-03-07T17:15:31 EST" name="closebrowser" finished-at="2021-03-07T17:15:34 EST" duration-ms="2844" status="PASS">
          <reporter-output>
          </reporter-output>
        </test-method> <!-- closebrowser -->
      </class> <!-- TakeHomeAssignment.CreditCardForm.Multipledatasetstest -->
    </test> <!-- Multipledatasets test with dataprovide -->
    <test started-at="2021-03-07T17:15:07 EST" name="Successful navigate to form" finished-at="2021-03-07T17:15:34 EST" duration-ms="27098">
      <class name="TakeHomeAssignment.CreditCardForm.HomePage">
        <test-method is-config="true" signature="openbrowser()[pri:0, instance:TakeHomeAssignment.CreditCardForm.HomePage@3b77a04f]" started-at="2021-03-07T17:15:07 EST" name="openbrowser" finished-at="2021-03-07T17:15:24 EST" duration-ms="17609" status="PASS">
          <reporter-output>
          </reporter-output>
        </test-method> <!-- openbrowser -->
        <test-method signature="navigatetoform()[pri:0, instance:TakeHomeAssignment.CreditCardForm.HomePage@3b77a04f]" started-at="2021-03-07T17:15:24 EST" name="navigatetoform" finished-at="2021-03-07T17:15:25 EST" duration-ms="108" status="PASS">
          <reporter-output>
          </reporter-output>
        </test-method> <!-- navigatetoform -->
        <test-method is-config="true" signature="closebrowser()[pri:0, instance:TakeHomeAssignment.CreditCardForm.HomePage@3b77a04f]" started-at="2021-03-07T17:15:25 EST" name="closebrowser" finished-at="2021-03-07T17:15:34 EST" duration-ms="9106" status="PASS">
          <reporter-output>
          </reporter-output>
        </test-method> <!-- closebrowser -->
      </class> <!-- TakeHomeAssignment.CreditCardForm.HomePage -->
    </test> <!-- Successful navigate to form -->
    <test started-at="2021-03-07T17:15:07 EST" name="Validate all the fields present on form" finished-at="2021-03-07T17:15:34 EST" duration-ms="27309">
      <class name="TakeHomeAssignment.CreditCardForm.validateallfields">
        <test-method is-config="true" signature="openbrowser()[pri:0, instance:TakeHomeAssignment.CreditCardForm.validateallfields@40c80397]" started-at="2021-03-07T17:15:07 EST" name="openbrowser" finished-at="2021-03-07T17:15:28 EST" duration-ms="21407" status="PASS">
          <reporter-output>
          </reporter-output>
        </test-method> <!-- openbrowser -->
        <test-method signature="validateallfieldsdisplayed()[pri:0, instance:TakeHomeAssignment.CreditCardForm.validateallfields@40c80397]" started-at="2021-03-07T17:15:28 EST" name="validateallfieldsdisplayed" finished-at="2021-03-07T17:15:30 EST" duration-ms="1965" status="PASS">
          <reporter-output>
          </reporter-output>
        </test-method> <!-- validateallfieldsdisplayed -->
        <test-method signature="validateallfieldsenabled()[pri:0, instance:TakeHomeAssignment.CreditCardForm.validateallfields@40c80397]" started-at="2021-03-07T17:15:30 EST" name="validateallfieldsenabled" finished-at="2021-03-07T17:15:30 EST" duration-ms="342" status="PASS">
          <reporter-output>
          </reporter-output>
        </test-method> <!-- validateallfieldsenabled -->
        <test-method is-config="true" signature="closebrowser()[pri:0, instance:TakeHomeAssignment.CreditCardForm.validateallfields@40c80397]" started-at="2021-03-07T17:15:30 EST" name="closebrowser" finished-at="2021-03-07T17:15:34 EST" duration-ms="3565" status="PASS">
          <reporter-output>
          </reporter-output>
        </test-method> <!-- closebrowser -->
      </class> <!-- TakeHomeAssignment.CreditCardForm.validateallfields -->
    </test> <!-- Validate all the fields present on form -->
  </suite> <!-- Suite -->
</testng-results>
